Input data loaded successful!
------------------------------------------------------
2013-02-22 Cash balance : PLN: 10000.00 | 
2013-02-22 Shares balance : 
2013-02-22 Recommendation to buy 1: PGNIG 255 5.87
2013-02-22 Recommendation to buy 2: PKOBP 43 34.78
2013-02-22 Recommendation to buy 3: TPSA 219 6.83
2013-02-22 Recommendation to buy 4: JSW 15 94.55
2013-02-22 Offer to buy 1: PGNIG 243 5.82
2013-02-22 Offer to buy 2: PKOBP 36 35.21
2013-02-22 Offer to buy 3: TPSA 184 6.73
2013-02-22 Offer to buy 4: JSW 14 94.77
2013-02-22 Will be purchased 1: PGNIG 243 5.82
2013-02-22 Will be purchased 2: TPSA 184 6.73
2013-02-22 Cost of Share : 2665.84 | Commission : 13.26 | To pay : 2679.11
2013-02-22 Cash balance : PLN: 7320.89 | 
2013-02-22 Shares balance : PGNIG: 243 | TPSA: 184 | 
------------------------------------------------------
2013-02-25 Cash balance : PLN: 7320.89 | 
2013-02-25 Shares balance : PGNIG: 243 | TPSA: 184 | 
2013-02-25 Recommendation to buy 1: KGHM 6 181.74
2013-02-25 Recommendation to buy 2: PKOBP 31 35.23
2013-02-25 Recommendation to buy 3: PGNIG 190 5.76
2013-02-25 Recommendation to buy 4: JSW 11 96.20
2013-02-25 Offer to buy 1: KGHM 5 182.18
2013-02-25 Offer to buy 2: PKOBP 26 35.22
2013-02-25 Offer to buy 3: PGNIG 157 5.76
2013-02-25 Offer to buy 4: JSW 10 96.10
2013-02-25 Will be purchased 1: PKOBP 26 35.22
2013-02-25 Will be purchased 2: JSW 10 96.10
2013-02-25 Cost of Share : 1886.72 | Commission : 10.00 | To pay : 1896.72
2013-02-25 Cash balance : PLN: 5424.17 | 
2013-02-25 Shares balance : PGNIG: 243 | TPSA: 184 | PKOBP: 26 | JSW: 10 | 
------------------------------------------------------
2013-02-26 Cash balance : PLN: 5424.17 | 
2013-02-26 Shares balance : PGNIG: 243 | TPSA: 184 | PKOBP: 26 | JSW: 10 | 
2013-02-26 Recommendation to buy 1: KGHM 4 181.95
2013-02-26 Recommendation to buy 2: TPSA 117 6.94
2013-02-26 Recommendation to buy 3: PGNIG 146 5.55
2013-02-26 Recommendation to buy 4: PKOBP 23 35.09
2013-02-26 Offer to buy 1: KGHM 3 182.09
2013-02-26 Offer to buy 2: TPSA 102 6.98
2013-02-26 Offer to buy 3: PGNIG 127 5.57
2013-02-26 Offer to buy 4: PKOBP 22 35.46
2013-02-26 Cost of Share : 0.00 | Commission : 0.00 | To pay : 0.00
2013-02-26 Cash balance : PLN: 5424.17 | 
2013-02-26 Shares balance : PGNIG: 243 | TPSA: 184 | PKOBP: 26 | JSW: 10 | 
------------------------------------------------------
2013-02-27 Cash balance : PLN: 5424.17 | 
2013-02-27 Shares balance : PGNIG: 243 | TPSA: 184 | PKOBP: 26 | JSW: 10 | 
2013-02-27 Recommendation to buy 1: TPSA 118 6.84
2013-02-27 Recommendation to buy 2: PGNIG 143 5.66
2013-02-27 Recommendation to buy 3: JSW 8 93.30
2013-02-27 Recommendation to buy 4: PKOBP 23 35.37
2013-02-27 Offer to buy 1: TPSA 105 6.84
2013-02-27 Offer to buy 2: PGNIG 122 5.70
2013-02-27 Offer to buy 3: JSW 7 93.59
2013-02-27 Offer to buy 4: PKOBP 21 35.44
2013-02-27 Cost of Share : 0.00 | Commission : 0.00 | To pay : 0.00
2013-02-27 Cash balance : PLN: 5424.17 | 
2013-02-27 Shares balance : PGNIG: 243 | TPSA: 184 | PKOBP: 26 | JSW: 10 | 
------------------------------------------------------
2013-02-28 Cash balance : PLN: 5424.17 | 
2013-02-28 Shares balance : PGNIG: 243 | TPSA: 184 | PKOBP: 26 | JSW: 10 | 
2013-02-28 Recommendation to buy 1: PGNIG 140 5.79
2013-02-28 Recommendation to buy 2: TPSA 117 6.91
2013-02-28 Recommendation to buy 3: PKOBP 22 36.15
2013-02-28 Recommendation to buy 4: JSW 8 95.76
2013-02-28 Offer to buy 1: PGNIG 132 5.83
2013-02-28 Offer to buy 2: TPSA 111 6.88
2013-02-28 Offer to buy 3: PKOBP 17 36.20
2013-02-28 Offer to buy 4: JSW 6 95.66
2013-02-28 Will be purchased 1: TPSA 111 6.88
2013-02-28 Will be purchased 2: JSW 6 95.66
2013-02-28 Cost of Share : 1347.64 | Commission : 10.00 | To pay : 1357.64
2013-02-28 Cash balance : PLN: 4066.53 | 
2013-02-28 Shares balance : PGNIG: 243 | TPSA: 295 | PKOBP: 26 | JSW: 16 | 
------------------------------------------------------
2013-03-01 Cash balance : PLN: 4066.53 | 
2013-03-01 Shares balance : PGNIG: 243 | TPSA: 295 | PKOBP: 26 | JSW: 16 | 
2013-03-01 Recommendation to buy 1: KGHM 3 175.44
2013-03-01 Recommendation to buy 2: TPSA 83 7.30
2013-03-01 Recommendation to buy 3: PGNIG 105 5.76
2013-03-01 Recommendation to buy 4: JSW 6 97.12
2013-03-01 Offer to buy 1: KGHM 2 176.50
2013-03-01 Offer to buy 2: TPSA 81 7.31
2013-03-01 Offer to buy 3: PGNIG 99 5.84
2013-03-01 Offer to buy 4: JSW 5 96.44
2013-03-01 Will be purchased 1: JSW 5 96.44
2013-03-01 Cost of Share : 487.20 | Commission : 5.00 | To pay : 492.20
2013-03-01 Cash balance : PLN: 3574.33 | 
2013-03-01 Shares balance : PGNIG: 243 | TPSA: 295 | PKOBP: 26 | JSW: 21 | 
------------------------------------------------------
2013-03-04 Cash balance : PLN: 3574.33 | 
2013-03-04 Shares balance : PGNIG: 243 | TPSA: 295 | PKOBP: 26 | JSW: 21 | 
2013-03-04 Recommendation to buy 1: JSW 5 97.77
2013-03-04 Recommendation to buy 2: KGHM 3 173.61
2013-03-04 Recommendation to buy 3: PKOBP 15 34.70
2013-03-04 Recommendation to buy 4: PGNIG 92 5.79
2013-03-04 Offer to buy 1: JSW 4 97.56
2013-03-04 Offer to buy 2: KGHM 2 170.97
2013-03-04 Offer to buy 3: PKOBP 13 34.63
2013-03-04 Offer to buy 4: PGNIG 90 5.80
2013-03-04 Will be purchased 1: JSW 4 97.56
2013-03-04 Will be purchased 2: KGHM 2 170.97
2013-03-04 Will be purchased 3: PKOBP 13 34.63
2013-03-04 Cost of Share : 1197.37 | Commission : 15.00 | To pay : 1212.37
2013-03-04 Cash balance : PLN: 2361.96 | 
2013-03-04 Shares balance : PGNIG: 243 | TPSA: 295 | PKOBP: 39 | JSW: 25 | KGHM: 2 | 
------------------------------------------------------
2013-03-05 Cash balance : PLN: 2361.96 | 
2013-03-05 Shares balance : PGNIG: 243 | TPSA: 295 | PKOBP: 39 | JSW: 25 | KGHM: 2 | 
2013-03-05 Recommendation to buy 1: KGHM 2 177.25
2013-03-05 Recommendation to buy 2: JSW 3 95.76
2013-03-05 Recommendation to buy 3: PKOBP 10 35.32
2013-03-05 Recommendation to buy 4: PGNIG 61 5.77
2013-03-05 Offer to buy 1: KGHM 1 176.46
2013-03-05 Offer to buy 2: JSW 2 96.00
2013-03-05 Offer to buy 3: PKOBP 8 35.19
2013-03-05 Offer to buy 4: PGNIG 59 5.80
2013-03-05 Will be purchased 1: KGHM 1 176.46
2013-03-05 Will be purchased 2: PKOBP 8 35.19
2013-03-05 Cost of Share : 467.98 | Commission : 10.00 | To pay : 477.98
2013-03-05 Cash balance : PLN: 1883.98 | 
2013-03-05 Shares balance : PGNIG: 243 | TPSA: 295 | PKOBP: 47 | JSW: 25 | KGHM: 3 | 
------------------------------------------------------
2013-03-06 Cash balance : PLN: 1883.98 | 
2013-03-06 Shares balance : PGNIG: 243 | TPSA: 295 | PKOBP: 47 | JSW: 25 | KGHM: 3 | 
2013-03-06 Recommendation to buy 1: PKOBP 8 34.92
2013-03-06 Recommendation to buy 2: PGNIG 48 5.82
2013-03-06 Recommendation to buy 3: JSW 2 94.72
2013-03-06 Recommendation to buy 4: KGHM 1 175.69
2013-03-06 Offer to buy 1: PKOBP 6 35.35
2013-03-06 Offer to buy 2: PGNIG 39 5.78
2013-03-06 Offer to buy 3: JSW 1 95.31
2013-03-06 Offer to buy 4: KGHM 0 176.12
2013-03-06 Will be purchased 1: PGNIG 39 5.78
2013-03-06 Cost of Share : 230.42 | Commission : 5.00 | To pay : 235.42
2013-03-06 Cash balance : PLN: 1648.56 | 
2013-03-06 Shares balance : PGNIG: 282 | TPSA: 295 | PKOBP: 47 | JSW: 25 | KGHM: 3 | 
------------------------------------------------------
2013-03-07 Cash balance : PLN: 1648.56 | 
2013-03-07 Shares balance : PGNIG: 282 | TPSA: 295 | PKOBP: 47 | JSW: 25 | KGHM: 3 | 
2013-03-07 Recommendation to buy 1: PGNIG 43 5.75
2013-03-07 Recommendation to buy 2: TPSA 34 7.19
2013-03-07 Recommendation to buy 3: JSW 2 95.81
2013-03-07 Recommendation to buy 4: PKOBP 7 35.30
2013-03-07 Offer to buy 1: PGNIG 40 5.83
2013-03-07 Offer to buy 2: TPSA 29 7.17
2013-03-07 Offer to buy 3: JSW 1 95.13
2013-03-07 Offer to buy 4: PKOBP 6 34.64
2013-03-07 Will be purchased 1: TPSA 29 7.17
2013-03-07 Will be purchased 2: JSW 1 95.13
2013-03-07 Will be purchased 3: PKOBP 6 34.64
2013-03-07 Cost of Share : 525.90 | Commission : 15.00 | To pay : 540.90
2013-03-07 Cash balance : PLN: 1107.66 | 
2013-03-07 Shares balance : PGNIG: 282 | TPSA: 324 | PKOBP: 53 | JSW: 26 | KGHM: 3 | 
------------------------------------------------------
2013-03-08 Cash balance : PLN: 1107.66 | 
2013-03-08 Shares balance : PGNIG: 282 | TPSA: 324 | PKOBP: 53 | JSW: 26 | KGHM: 3 | 
2013-03-08 Recommendation to buy 1: TPSA 22 7.33
2013-03-08 Recommendation to buy 2: KGHM 0 175.07
2013-03-08 Recommendation to buy 3: PKOBP 4 34.47
2013-03-08 Recommendation to buy 4: PGNIG 27 5.95
2013-03-08 Offer to buy 1: TPSA 20 7.35
2013-03-08 Offer to buy 2: KGHM 0 177.18
2013-03-08 Offer to buy 3: PKOBP 3 34.29
2013-03-08 Offer to buy 4: PGNIG 22 6.04
2013-03-08 Will be purchased 1: PKOBP 3 34.29
2013-03-08 Cost of Share : 107.87 | Commission : 5.00 | To pay : 112.87
2013-03-08 Cash balance : PLN: 994.79 | 
2013-03-08 Shares balance : PGNIG: 282 | TPSA: 324 | PKOBP: 56 | JSW: 26 | KGHM: 3 | 
------------------------------------------------------
2013-03-11 Cash balance : PLN: 994.79 | 
2013-03-11 Shares balance : PGNIG: 282 | TPSA: 324 | PKOBP: 56 | JSW: 26 | KGHM: 3 | 
2013-03-11 Recommendation to buy 1: KGHM 0 174.64
2013-03-11 Recommendation to buy 2: JSW 1 98.26
2013-03-11 Recommendation to buy 3: TPSA 20 7.20
2013-03-11 Recommendation to buy 4: PKOBP 4 35.10
2013-03-11 Offer to buy 1: KGHM 0 173.75
2013-03-11 Offer to buy 2: JSW 0 98.24
2013-03-11 Offer to buy 3: TPSA 16 7.21
2013-03-11 Offer to buy 4: PKOBP 3 35.12
2013-03-11 Cost of Share : 0.00 | Commission : 0.00 | To pay : 0.00
2013-03-11 Cash balance : PLN: 994.79 | 
2013-03-11 Shares balance : PGNIG: 282 | TPSA: 324 | PKOBP: 56 | JSW: 26 | KGHM: 3 | 
------------------------------------------------------
2013-03-12 Cash balance : PLN: 994.79 | 
2013-03-12 Shares balance : PGNIG: 282 | TPSA: 324 | PKOBP: 56 | JSW: 26 | KGHM: 3 | 
2013-03-12 Recommendation to buy 1: TPSA 20 7.11
2013-03-12 Recommendation to buy 2: JSW 1 95.78
2013-03-12 Recommendation to buy 3: KGHM 0 175.74
2013-03-12 Recommendation to buy 4: PGNIG 25 5.93
2013-03-12 Offer to buy 1: TPSA 17 7.14
2013-03-12 Offer to buy 2: JSW 0 96.61
2013-03-12 Offer to buy 3: KGHM 0 175.74
2013-03-12 Offer to buy 4: PGNIG 20 5.85
2013-03-12 Will be purchased 1: PGNIG 20 5.85
2013-03-12 Cost of Share : 122.00 | Commission : 5.00 | To pay : 127.00
2013-03-12 Cash balance : PLN: 867.79 | 
2013-03-12 Shares balance : PGNIG: 302 | TPSA: 324 | PKOBP: 56 | JSW: 26 | KGHM: 3 | 
------------------------------------------------------
2013-03-13 Cash balance : PLN: 867.79 | 
2013-03-13 Shares balance : PGNIG: 302 | TPSA: 324 | PKOBP: 56 | JSW: 26 | KGHM: 3 | 
2013-03-13 Recommendation to buy 1: TPSA 18 6.90
2013-03-13 Recommendation to buy 2: PGNIG 22 5.87
2013-03-13 Recommendation to buy 3: KGHM 0 174.30
2013-03-13 Recommendation to buy 4: PKOBP 3 35.68
2013-03-13 Offer to buy 1: TPSA 14 6.85
2013-03-13 Offer to buy 2: PGNIG 21 5.94
2013-03-13 Offer to buy 3: KGHM 0 174.91
2013-03-13 Offer to buy 4: PKOBP 2 35.31
2013-03-13 Will be purchased 1: TPSA 14 6.85
2013-03-13 Will be purchased 2: PKOBP 2 35.31
2013-03-13 Cost of Share : 176.52 | Commission : 10.00 | To pay : 186.52
2013-03-13 Cash balance : PLN: 681.27 | 
2013-03-13 Shares balance : PGNIG: 302 | TPSA: 338 | PKOBP: 58 | JSW: 26 | KGHM: 3 | 
------------------------------------------------------
2013-03-14 Cash balance : PLN: 681.27 | 
2013-03-14 Shares balance : PGNIG: 302 | TPSA: 338 | PKOBP: 58 | JSW: 26 | KGHM: 3 | 
2013-03-14 Recommendation to buy 1: JSW 1 96.67
2013-03-14 Recommendation to buy 2: PGNIG 16 6.08
2013-03-14 Recommendation to buy 3: KGHM 0 176.83
2013-03-14 Recommendation to buy 4: TPSA 14 6.93
2013-03-14 Offer to buy 1: JSW 0 97.44
2013-03-14 Offer to buy 2: PGNIG 13 6.00
2013-03-14 Offer to buy 3: KGHM 0 175.86
2013-03-14 Offer to buy 4: TPSA 12 6.89
2013-03-14 Will be purchased 1: PGNIG 13 6.00
2013-03-14 Will be purchased 2: TPSA 12 6.89
2013-03-14 Cost of Share : 170.68 | Commission : 10.00 | To pay : 180.68
2013-03-14 Cash balance : PLN: 500.59 | 
2013-03-14 Shares balance : PGNIG: 315 | TPSA: 350 | PKOBP: 58 | JSW: 26 | KGHM: 3 | 
------------------------------------------------------
2013-03-15 Cash balance : PLN: 500.59 | 
2013-03-15 Shares balance : PGNIG: 315 | TPSA: 350 | PKOBP: 58 | JSW: 26 | KGHM: 3 | 
2013-03-15 Recommendation to buy 1: PGNIG 12 6.02
2013-03-15 Recommendation to buy 2: TPSA 10 6.86
2013-03-15 Recommendation to buy 3: JSW 0 97.41
2013-03-15 Recommendation to buy 4: PKOBP 2 35.07
2013-03-15 Offer to buy 1: PGNIG 11 5.96
2013-03-15 Offer to buy 2: TPSA 8 6.89
2013-03-15 Offer to buy 3: JSW 0 97.54
2013-03-15 Offer to buy 4: PKOBP 1 35.58
2013-03-15 Will be purchased 1: PGNIG 11 5.96
2013-03-15 Cost of Share : 70.56 | Commission : 5.00 | To pay : 75.56
2013-03-15 Cash balance : PLN: 425.03 | 
2013-03-15 Shares balance : PGNIG: 326 | TPSA: 350 | PKOBP: 58 | JSW: 26 | KGHM: 3 | 
------------------------------------------------------
2013-03-18 Cash balance : PLN: 425.03 | 
2013-03-18 Shares balance : PGNIG: 326 | TPSA: 350 | PKOBP: 58 | JSW: 26 | KGHM: 3 | 
2013-03-18 Recommendation to buy 1: TPSA 9 6.97
2013-03-18 Recommendation to buy 2: KGHM 0 167.01
2013-03-18 Recommendation to buy 3: PGNIG 10 6.02
2013-03-18 Recommendation to buy 4: JSW 0 96.47
2013-03-18 Offer to buy 1: TPSA 7 6.98
2013-03-18 Offer to buy 2: KGHM 0 167.64
2013-03-18 Offer to buy 3: PGNIG 8 6.00
2013-03-18 Offer to buy 4: JSW 0 96.97
2013-03-18 Will be purchased 1: PGNIG 8 6.00
2013-03-18 Cost of Share : 53.00 | Commission : 5.00 | To pay : 58.00
2013-03-18 Cash balance : PLN: 367.03 | 
2013-03-18 Shares balance : PGNIG: 334 | TPSA: 350 | PKOBP: 58 | JSW: 26 | KGHM: 3 | 
------------------------------------------------------
2013-03-19 Cash balance : PLN: 367.03 | 
2013-03-19 Shares balance : PGNIG: 334 | TPSA: 350 | PKOBP: 58 | JSW: 26 | KGHM: 3 | 
2013-03-19 Recommendation to buy 1: TPSA 8 6.75
2013-03-19 Recommendation to buy 2: JSW 0 96.12
2013-03-19 Recommendation to buy 3: PGNIG 9 5.97
2013-03-19 Recommendation to buy 4: PKOBP 1 34.78
2013-03-19 Offer to buy 1: TPSA 6 6.74
2013-03-19 Offer to buy 2: JSW 0 97.03
2013-03-19 Offer to buy 3: PGNIG 8 5.98
2013-03-19 Offer to buy 4: PKOBP 0 34.74
2013-03-19 Will be purchased 1: TPSA 6 6.74
2013-03-19 Cost of Share : 45.44 | Commission : 5.00 | To pay : 50.44
2013-03-19 Cash balance : PLN: 316.59 | 
2013-03-19 Shares balance : PGNIG: 334 | TPSA: 356 | PKOBP: 58 | JSW: 26 | KGHM: 3 | 
------------------------------------------------------
2013-03-20 Cash balance : PLN: 316.59 | 
2013-03-20 Shares balance : PGNIG: 334 | TPSA: 356 | PKOBP: 58 | JSW: 26 | KGHM: 3 | 
2013-03-20 Recommendation to buy 1: PGNIG 7 5.97
2013-03-20 Recommendation to buy 2: JSW 0 96.32
2013-03-20 Recommendation to buy 3: TPSA 7 6.79
2013-03-20 Recommendation to buy 4: PKOBP 1 34.89
2013-03-20 Offer to buy 1: PGNIG 6 5.95
2013-03-20 Offer to buy 2: JSW 0 95.64
2013-03-20 Offer to buy 3: TPSA 6 6.82
2013-03-20 Offer to buy 4: PKOBP 0 34.73
2013-03-20 Will be purchased 1: PGNIG 6 5.95
2013-03-20 Cost of Share : 40.70 | Commission : 5.00 | To pay : 45.70
2013-03-20 Cash balance : PLN: 270.89 | 
2013-03-20 Shares balance : PGNIG: 340 | TPSA: 356 | PKOBP: 58 | JSW: 26 | KGHM: 3 | 
------------------------------------------------------
2013-03-21 Cash balance : PLN: 270.89 | 
2013-03-21 Shares balance : PGNIG: 340 | TPSA: 356 | PKOBP: 58 | JSW: 26 | KGHM: 3 | 
2013-03-21 Recommendation to buy 1: PGNIG 6 5.89
2013-03-21 Recommendation to buy 2: PKOBP 1 34.23
2013-03-21 Recommendation to buy 3: JSW 0 94.87
2013-03-21 Recommendation to buy 4: TPSA 5 6.91
2013-03-21 Offer to buy 1: PGNIG 5 5.95
2013-03-21 Offer to buy 2: PKOBP 0 34.32
2013-03-21 Offer to buy 3: JSW 0 94.55
2013-03-21 Offer to buy 4: TPSA 4 6.93
2013-03-21 Cost of Share : 0.00 | Commission : 0.00 | To pay : 0.00
2013-03-21 Cash balance : PLN: 270.89 | 
2013-03-21 Shares balance : PGNIG: 340 | TPSA: 356 | PKOBP: 58 | JSW: 26 | KGHM: 3 | 
------------------------------------------------------
2013-03-22 Cash balance : PLN: 270.89 | 
2013-03-22 Shares balance : PGNIG: 340 | TPSA: 356 | PKOBP: 58 | JSW: 26 | KGHM: 3 | 
2013-03-22 Recommendation to buy 1: PGNIG 6 5.89
2013-03-22 Recommendation to buy 2: KGHM 0 160.83
2013-03-22 Recommendation to buy 3: PKOBP 1 34.35
2013-03-22 Recommendation to buy 4: TPSA 5 6.88
2013-03-22 Offer to buy 1: PGNIG 5 5.81
2013-03-22 Offer to buy 2: KGHM 0 160.70
2013-03-22 Offer to buy 3: PKOBP 0 33.88
2013-03-22 Offer to buy 4: TPSA 4 6.85
2013-03-22 Will be purchased 1: PGNIG 5 5.81
2013-03-22 Will be purchased 2: TPSA 4 6.85
2013-03-22 Cost of Share : 66.45 | Commission : 10.00 | To pay : 76.45
2013-03-22 Cash balance : PLN: 194.44 | 
2013-03-22 Shares balance : PGNIG: 345 | TPSA: 360 | PKOBP: 58 | JSW: 26 | KGHM: 3 | 
------------------------------------------------------
2013-03-25 Cash balance : PLN: 194.44 | 
2013-03-25 Shares balance : PGNIG: 345 | TPSA: 360 | PKOBP: 58 | JSW: 26 | KGHM: 3 | 
2013-03-25 Recommendation to buy 1: PGNIG 5 5.59
2013-03-25 Recommendation to buy 2: KGHM 0 155.94
2013-03-25 Recommendation to buy 3: TPSA 4 6.74
2013-03-25 Recommendation to buy 4: JSW 0 91.35
2013-03-25 Offer to buy 1: PGNIG 4 5.65
2013-03-25 Offer to buy 2: KGHM 0 154.28
2013-03-25 Offer to buy 3: TPSA 3 6.76
2013-03-25 Offer to buy 4: JSW 0 92.74
2013-03-25 Cost of Share : 0.00 | Commission : 0.00 | To pay : 0.00
2013-03-25 Cash balance : PLN: 194.44 | 
2013-03-25 Shares balance : PGNIG: 345 | TPSA: 360 | PKOBP: 58 | JSW: 26 | KGHM: 3 | 
------------------------------------------------------
2013-03-26 Cash balance : PLN: 194.44 | 
2013-03-26 Shares balance : PGNIG: 345 | TPSA: 360 | PKOBP: 58 | JSW: 26 | KGHM: 3 | 
2013-03-26 Recommendation to buy 1: TPSA 4 6.54
2013-03-26 Recommendation to buy 2: PGNIG 5 5.59
2013-03-26 Recommendation to buy 3: KGHM 0 153.51
2013-03-26 Recommendation to buy 4: PKOBP 0 35.01
2013-03-26 Offer to buy 1: TPSA 3 6.52
2013-03-26 Offer to buy 2: PGNIG 4 5.54
2013-03-26 Offer to buy 3: KGHM 0 153.20
2013-03-26 Offer to buy 4: PKOBP 0 34.76
2013-03-26 Will be purchased 1: TPSA 3 6.52
2013-03-26 Will be purchased 2: PGNIG 4 5.54
2013-03-26 Cost of Share : 51.72 | Commission : 10.00 | To pay : 61.72
2013-03-26 Cash balance : PLN: 132.72 | 
2013-03-26 Shares balance : PGNIG: 349 | TPSA: 363 | PKOBP: 58 | JSW: 26 | KGHM: 3 | 
------------------------------------------------------
2013-03-27 Cash balance : PLN: 132.72 | 
2013-03-27 Shares balance : PGNIG: 349 | TPSA: 363 | PKOBP: 58 | JSW: 26 | KGHM: 3 | 
2013-03-27 Recommendation to buy 1: TPSA 3 6.50
2013-03-27 Recommendation to buy 2: JSW 0 93.60
2013-03-27 Recommendation to buy 3: PKOBP 0 35.05
2013-03-27 Recommendation to buy 4: KGHM 0 158.79
2013-03-27 Offer to buy 1: TPSA 2 6.46
2013-03-27 Offer to buy 2: JSW 0 94.98
2013-03-27 Offer to buy 3: PKOBP 0 35.04
2013-03-27 Offer to buy 4: KGHM 0 157.82
2013-03-27 Will be purchased 1: TPSA 2 6.46
2013-03-27 Cost of Share : 17.92 | Commission : 5.00 | To pay : 22.92
2013-03-27 Cash balance : PLN: 109.80 | 
2013-03-27 Shares balance : PGNIG: 349 | TPSA: 365 | PKOBP: 58 | JSW: 26 | KGHM: 3 | 
------------------------------------------------------
2013-03-28 Cash balance : PLN: 109.80 | 
2013-03-28 Shares balance : PGNIG: 349 | TPSA: 365 | PKOBP: 58 | JSW: 26 | KGHM: 3 | 
2013-03-28 Recommendation to buy 1: KGHM 0 160.19
2013-03-28 Recommendation to buy 2: JSW 0 95.00
2013-03-28 Recommendation to buy 3: PKOBP 0 35.15
2013-03-28 Recommendation to buy 4: PGNIG 2 5.60
2013-03-28 Offer to buy 1: KGHM 0 158.20
2013-03-28 Offer to buy 2: JSW 0 94.54
2013-03-28 Offer to buy 3: PKOBP 0 35.05
2013-03-28 Offer to buy 4: PGNIG 1 5.56
2013-03-28 Will be purchased 1: PGNIG 1 5.56
2013-03-28 Cost of Share : 10.56 | Commission : 5.00 | To pay : 15.56
2013-03-28 Cash balance : PLN: 94.24 | 
2013-03-28 Shares balance : PGNIG: 350 | TPSA: 365 | PKOBP: 58 | JSW: 26 | KGHM: 3 | 
------------------------------------------------------
No stock for date: Fri Mar 29 00:00:00 CET 2013 !
No stock for date: Mon Apr 01 00:00:00 CEST 2013 !
2013-04-02 Cash balance : PLN: 94.24 | 
2013-04-02 Shares balance : PGNIG: 350 | TPSA: 365 | PKOBP: 58 | JSW: 26 | KGHM: 3 | 
2013-04-02 Recommendation to buy 1: KGHM 0 159.35
2013-04-02 Recommendation to buy 2: PGNIG 2 5.55
2013-04-02 Recommendation to buy 3: TPSA 2 6.71
2013-04-02 Recommendation to buy 4: PKOBP 0 35.33
2013-04-02 Offer to buy 1: KGHM 0 158.49
2013-04-02 Offer to buy 2: PGNIG 1 5.57
2013-04-02 Offer to buy 3: TPSA 1 6.81
2013-04-02 Offer to buy 4: PKOBP 0 35.00
2013-04-02 Cost of Share : 0.00 | Commission : 0.00 | To pay : 0.00
2013-04-02 Cash balance : PLN: 94.24 | 
2013-04-02 Shares balance : PGNIG: 350 | TPSA: 365 | PKOBP: 58 | JSW: 26 | KGHM: 3 | 
------------------------------------------------------
2013-04-03 Cash balance : PLN: 94.24 | 
2013-04-03 Shares balance : PGNIG: 350 | TPSA: 365 | PKOBP: 58 | JSW: 26 | KGHM: 3 | 
2013-04-03 Recommendation to buy 1: PKOBP 0 34.66
2013-04-03 Recommendation to buy 2: JSW 0 87.95
2013-04-03 Recommendation to buy 3: TPSA 2 6.55
2013-04-03 Recommendation to buy 4: PGNIG 2 5.35
2013-04-03 Offer to buy 1: PKOBP 0 35.03
2013-04-03 Offer to buy 2: JSW 0 88.81
2013-04-03 Offer to buy 3: TPSA 1 6.52
2013-04-03 Offer to buy 4: PGNIG 1 5.36
2013-04-03 Will be purchased 1: TPSA 1 6.52
2013-04-03 Cost of Share : 11.52 | Commission : 5.00 | To pay : 16.52
2013-04-03 Cash balance : PLN: 77.72 | 
2013-04-03 Shares balance : PGNIG: 350 | TPSA: 366 | PKOBP: 58 | JSW: 26 | KGHM: 3 | 
------------------------------------------------------
2013-04-04 Cash balance : PLN: 77.72 | 
2013-04-04 Shares balance : PGNIG: 350 | TPSA: 366 | PKOBP: 58 | JSW: 26 | KGHM: 3 | 
2013-04-04 Recommendation to buy 1: PGNIG 2 5.46
2013-04-04 Recommendation to buy 2: JSW 0 89.69
2013-04-04 Recommendation to buy 3: PKOBP 0 34.51
2013-04-04 Recommendation to buy 4: KGHM 0 160.75
2013-04-04 Offer to buy 1: PGNIG 1 5.43
2013-04-04 Offer to buy 2: JSW 0 90.60
2013-04-04 Offer to buy 3: PKOBP 0 34.90
2013-04-04 Offer to buy 4: KGHM 0 160.28
2013-04-04 Will be purchased 1: PGNIG 1 5.43
2013-04-04 Cost of Share : 10.43 | Commission : 5.00 | To pay : 15.43
2013-04-04 Cash balance : PLN: 62.29 | 
2013-04-04 Shares balance : PGNIG: 351 | TPSA: 366 | PKOBP: 58 | JSW: 26 | KGHM: 3 | 
------------------------------------------------------
2013-04-05 Cash balance : PLN: 62.29 | 
2013-04-05 Shares balance : PGNIG: 351 | TPSA: 366 | PKOBP: 58 | JSW: 26 | KGHM: 3 | 
2013-04-05 Recommendation to buy 1: PKOBP 0 35.07
2013-04-05 Recommendation to buy 2: JSW 0 88.50
2013-04-05 Recommendation to buy 3: TPSA 1 6.48
2013-04-05 Recommendation to buy 4: KGHM 0 159.75
2013-04-05 Offer to buy 1: PKOBP 0 35.46
2013-04-05 Offer to buy 2: JSW 0 88.74
2013-04-05 Offer to buy 3: TPSA 0 6.49
2013-04-05 Offer to buy 4: KGHM 0 162.20
2013-04-05 Cost of Share : 0.00 | Commission : 0.00 | To pay : 0.00
2013-04-05 Cash balance : PLN: 62.29 | 
2013-04-05 Shares balance : PGNIG: 351 | TPSA: 366 | PKOBP: 58 | JSW: 26 | KGHM: 3 | 
------------------------------------------------------
2013-04-08 Cash balance : PLN: 62.29 | 
2013-04-08 Shares balance : PGNIG: 351 | TPSA: 366 | PKOBP: 58 | JSW: 26 | KGHM: 3 | 
2013-04-08 Recommendation to buy 1: PKOBP 0 35.09
2013-04-08 Recommendation to buy 2: KGHM 0 159.58
2013-04-08 Recommendation to buy 3: JSW 0 87.68
2013-04-08 Recommendation to buy 4: PGNIG 1 5.34
2013-04-08 Offer to buy 1: PKOBP 0 34.85
2013-04-08 Offer to buy 2: KGHM 0 157.70
2013-04-08 Offer to buy 3: JSW 0 88.74
2013-04-08 Offer to buy 4: PGNIG 0 5.36
2013-04-08 Cost of Share : 0.00 | Commission : 0.00 | To pay : 0.00
2013-04-08 Cash balance : PLN: 62.29 | 
2013-04-08 Shares balance : PGNIG: 351 | TPSA: 366 | PKOBP: 58 | JSW: 26 | KGHM: 3 | 
------------------------------------------------------
2013-04-09 Cash balance : PLN: 62.29 | 
2013-04-09 Shares balance : PGNIG: 351 | TPSA: 366 | PKOBP: 58 | JSW: 26 | KGHM: 3 | 
2013-04-09 Recommendation to buy 1: JSW 0 88.63
2013-04-09 Recommendation to buy 2: PGNIG 1 5.48
2013-04-09 Recommendation to buy 3: PKOBP 0 35.25
2013-04-09 Recommendation to buy 4: TPSA 1 6.32
2013-04-09 Offer to buy 1: JSW 0 89.96
2013-04-09 Offer to buy 2: PGNIG 0 5.48
2013-04-09 Offer to buy 3: PKOBP 0 35.32
2013-04-09 Offer to buy 4: TPSA 0 6.36
2013-04-09 Cost of Share : 0.00 | Commission : 0.00 | To pay : 0.00
2013-04-09 Cash balance : PLN: 62.29 | 
2013-04-09 Shares balance : PGNIG: 351 | TPSA: 366 | PKOBP: 58 | JSW: 26 | KGHM: 3 | 
------------------------------------------------------
2013-04-10 Cash balance : PLN: 62.29 | 
2013-04-10 Shares balance : PGNIG: 351 | TPSA: 366 | PKOBP: 58 | JSW: 26 | KGHM: 3 | 
2013-04-10 Recommendation to buy 1: PGNIG 1 5.51
2013-04-10 Recommendation to buy 2: PKOBP 0 34.68
2013-04-10 Recommendation to buy 3: JSW 0 87.19
2013-04-10 Recommendation to buy 4: KGHM 0 164.11
2013-04-10 Offer to buy 1: PGNIG 0 5.53
2013-04-10 Offer to buy 2: PKOBP 0 34.78
2013-04-10 Offer to buy 3: JSW 0 87.71
2013-04-10 Offer to buy 4: KGHM 0 164.44
2013-04-10 Cost of Share : 0.00 | Commission : 0.00 | To pay : 0.00
2013-04-10 Cash balance : PLN: 62.29 | 
2013-04-10 Shares balance : PGNIG: 351 | TPSA: 366 | PKOBP: 58 | JSW: 26 | KGHM: 3 | 
------------------------------------------------------
2013-04-11 Cash balance : PLN: 62.29 | 
2013-04-11 Shares balance : PGNIG: 351 | TPSA: 366 | PKOBP: 58 | JSW: 26 | KGHM: 3 | 
2013-04-11 Recommendation to buy 1: TPSA 1 6.43
2013-04-11 Recommendation to buy 2: PKOBP 0 35.48
2013-04-11 Recommendation to buy 3: KGHM 0 169.96
2013-04-11 Recommendation to buy 4: PGNIG 1 5.64
2013-04-11 Offer to buy 1: TPSA 0 6.37
2013-04-11 Offer to buy 2: PKOBP 0 35.65
2013-04-11 Offer to buy 3: KGHM 0 169.41
2013-04-11 Offer to buy 4: PGNIG 0 5.57
2013-04-11 Cost of Share : 0.00 | Commission : 0.00 | To pay : 0.00
2013-04-11 Cash balance : PLN: 62.29 | 
2013-04-11 Shares balance : PGNIG: 351 | TPSA: 366 | PKOBP: 58 | JSW: 26 | KGHM: 3 | 
------------------------------------------------------
2013-04-12 Cash balance : PLN: 62.29 | 
2013-04-12 Shares balance : PGNIG: 351 | TPSA: 366 | PKOBP: 58 | JSW: 26 | KGHM: 3 | 
2013-04-12 Recommendation to buy 1: TPSA 1 6.70
2013-04-12 Recommendation to buy 2: PGNIG 1 5.69
2013-04-12 Recommendation to buy 3: PKOBP 0 34.84
2013-04-12 Recommendation to buy 4: JSW 0 88.96
2013-04-12 Offer to buy 1: TPSA 0 6.72
2013-04-12 Offer to buy 2: PGNIG 0 5.68
2013-04-12 Offer to buy 3: PKOBP 0 35.11
2013-04-12 Offer to buy 4: JSW 0 89.53
2013-04-12 Cost of Share : 0.00 | Commission : 0.00 | To pay : 0.00
2013-04-12 Cash balance : PLN: 62.29 | 
2013-04-12 Shares balance : PGNIG: 351 | TPSA: 366 | PKOBP: 58 | JSW: 26 | KGHM: 3 | 
------------------------------------------------------
2013-04-15 Cash balance : PLN: 62.29 | 
2013-04-15 Shares balance : PGNIG: 351 | TPSA: 366 | PKOBP: 58 | JSW: 26 | KGHM: 3 | 
2013-04-15 Recommendation to buy 1: PKOBP 0 34.49
2013-04-15 Recommendation to buy 2: JSW 0 88.59
2013-04-15 Recommendation to buy 3: PGNIG 1 5.57
2013-04-15 Recommendation to buy 4: TPSA 1 6.68
2013-04-15 Offer to buy 1: PKOBP 0 34.34
2013-04-15 Offer to buy 2: JSW 0 88.90
2013-04-15 Offer to buy 3: PGNIG 0 5.54
2013-04-15 Offer to buy 4: TPSA 0 6.79
2013-04-15 Cost of Share : 0.00 | Commission : 0.00 | To pay : 0.00
2013-04-15 Cash balance : PLN: 62.29 | 
2013-04-15 Shares balance : PGNIG: 351 | TPSA: 366 | PKOBP: 58 | JSW: 26 | KGHM: 3 | 
------------------------------------------------------
No stock for date: Tue Apr 16 00:00:00 CEST 2013 !
2013-04-17 Cash balance : PLN: 62.29 | 
2013-04-17 Shares balance : PGNIG: 351 | TPSA: 366 | PKOBP: 58 | JSW: 26 | KGHM: 3 | 
2013-04-17 Recommendation to buy 1: JSW 0 87.62
2013-04-17 Recommendation to buy 2: PGNIG 1 5.64
2013-04-17 Recommendation to buy 3: KGHM 0 143.04
2013-04-17 Recommendation to buy 4: TPSA 1 6.79
2013-04-17 Offer to buy 1: JSW 0 88.49
2013-04-17 Offer to buy 2: PGNIG 0 5.63
2013-04-17 Offer to buy 3: KGHM 0 142.85
2013-04-17 Offer to buy 4: TPSA 0 6.77
2013-04-17 Cost of Share : 0.00 | Commission : 0.00 | To pay : 0.00
2013-04-17 Cash balance : PLN: 62.29 | 
2013-04-17 Shares balance : PGNIG: 351 | TPSA: 366 | PKOBP: 58 | JSW: 26 | KGHM: 3 | 
------------------------------------------------------
2013-04-18 Cash balance : PLN: 62.29 | 
2013-04-18 Shares balance : PGNIG: 351 | TPSA: 366 | PKOBP: 58 | JSW: 26 | KGHM: 3 | 
2013-04-18 Recommendation to buy 1: PGNIG 1 5.54
2013-04-18 Recommendation to buy 2: PKOBP 0 33.73
2013-04-18 Recommendation to buy 3: JSW 0 84.55
2013-04-18 Recommendation to buy 4: KGHM 0 141.70
2013-04-18 Offer to buy 1: PGNIG 0 5.55
2013-04-18 Offer to buy 2: PKOBP 0 33.88
2013-04-18 Offer to buy 3: JSW 0 83.41
2013-04-18 Offer to buy 4: KGHM 0 142.33
2013-04-18 Cost of Share : 0.00 | Commission : 0.00 | To pay : 0.00
2013-04-18 Cash balance : PLN: 62.29 | 
2013-04-18 Shares balance : PGNIG: 351 | TPSA: 366 | PKOBP: 58 | JSW: 26 | KGHM: 3 | 
------------------------------------------------------
2013-04-19 Cash balance : PLN: 62.29 | 
2013-04-19 Shares balance : PGNIG: 351 | TPSA: 366 | PKOBP: 58 | JSW: 26 | KGHM: 3 | 
2013-04-19 Recommendation to buy 1: TPSA 1 6.65
2013-04-19 Recommendation to buy 2: KGHM 0 143.63
2013-04-19 Recommendation to buy 3: PKOBP 0 34.34
2013-04-19 Recommendation to buy 4: PGNIG 1 5.38
2013-04-19 Offer to buy 1: TPSA 0 6.75
2013-04-19 Offer to buy 2: KGHM 0 144.90
2013-04-19 Offer to buy 3: PKOBP 0 34.50
2013-04-19 Offer to buy 4: PGNIG 0 5.42
2013-04-19 Cost of Share : 0.00 | Commission : 0.00 | To pay : 0.00
2013-04-19 Cash balance : PLN: 62.29 | 
2013-04-19 Shares balance : PGNIG: 351 | TPSA: 366 | PKOBP: 58 | JSW: 26 | KGHM: 3 | 
------------------------------------------------------
2013-04-22 Cash balance : PLN: 62.29 | 
2013-04-22 Shares balance : PGNIG: 351 | TPSA: 366 | PKOBP: 58 | JSW: 26 | KGHM: 3 | 
2013-04-22 Recommendation to buy 1: TPSA 1 6.69
2013-04-22 Recommendation to buy 2: JSW 0 83.24
2013-04-22 Recommendation to buy 3: PGNIG 1 5.44
2013-04-22 Recommendation to buy 4: PKOBP 0 34.01
2013-04-22 Offer to buy 1: TPSA 0 6.66
2013-04-22 Offer to buy 2: JSW 0 82.88
2013-04-22 Offer to buy 3: PGNIG 0 5.43
2013-04-22 Offer to buy 4: PKOBP 0 34.06
2013-04-22 Cost of Share : 0.00 | Commission : 0.00 | To pay : 0.00
2013-04-22 Cash balance : PLN: 62.29 | 
2013-04-22 Shares balance : PGNIG: 351 | TPSA: 366 | PKOBP: 58 | JSW: 26 | KGHM: 3 | 
------------------------------------------------------
2013-04-23 Cash balance : PLN: 62.29 | 
2013-04-23 Shares balance : PGNIG: 351 | TPSA: 366 | PKOBP: 58 | JSW: 26 | KGHM: 3 | 
2013-04-23 Recommendation to buy 1: TPSA 1 6.75
2013-04-23 Recommendation to buy 2: KGHM 0 141.42
2013-04-23 Recommendation to buy 3: JSW 0 87.62
2013-04-23 Recommendation to buy 4: PKOBP 0 33.85
2013-04-23 Offer to buy 1: TPSA 0 6.74
2013-04-23 Offer to buy 2: KGHM 0 142.65
2013-04-23 Offer to buy 3: JSW 0 88.45
2013-04-23 Offer to buy 4: PKOBP 0 33.70
2013-04-23 Cost of Share : 0.00 | Commission : 0.00 | To pay : 0.00
2013-04-23 Cash balance : PLN: 62.29 | 
2013-04-23 Shares balance : PGNIG: 351 | TPSA: 366 | PKOBP: 58 | JSW: 26 | KGHM: 3 | 
------------------------------------------------------
2013-04-24 Cash balance : PLN: 62.29 | 
2013-04-24 Shares balance : PGNIG: 351 | TPSA: 366 | PKOBP: 58 | JSW: 26 | KGHM: 3 | 
2013-04-24 Recommendation to buy 1: JSW 0 84.62
2013-04-24 Recommendation to buy 2: KGHM 0 146.16
2013-04-24 Recommendation to buy 3: PKOBP 0 33.36
2013-04-24 Recommendation to buy 4: PGNIG 1 5.31
2013-04-24 Offer to buy 1: JSW 0 84.85
2013-04-24 Offer to buy 2: KGHM 0 143.63
2013-04-24 Offer to buy 3: PKOBP 0 33.47
2013-04-24 Offer to buy 4: PGNIG 0 5.32
2013-04-24 Cost of Share : 0.00 | Commission : 0.00 | To pay : 0.00
2013-04-24 Cash balance : PLN: 62.29 | 
2013-04-24 Shares balance : PGNIG: 351 | TPSA: 366 | PKOBP: 58 | JSW: 26 | KGHM: 3 | 
------------------------------------------------------
2013-04-25 Cash balance : PLN: 62.29 | 
2013-04-25 Shares balance : PGNIG: 351 | TPSA: 366 | PKOBP: 58 | JSW: 26 | KGHM: 3 | 
2013-04-25 Recommendation to buy 1: PKOBP 0 33.29
2013-04-25 Recommendation to buy 2: TPSA 1 6.80
2013-04-25 Recommendation to buy 3: KGHM 0 148.88
2013-04-25 Recommendation to buy 4: JSW 0 85.37
2013-04-25 Offer to buy 1: PKOBP 0 32.93
2013-04-25 Offer to buy 2: TPSA 0 6.74
2013-04-25 Offer to buy 3: KGHM 0 146.99
2013-04-25 Offer to buy 4: JSW 0 84.61
2013-04-25 Cost of Share : 0.00 | Commission : 0.00 | To pay : 0.00
2013-04-25 Cash balance : PLN: 62.29 | 
2013-04-25 Shares balance : PGNIG: 351 | TPSA: 366 | PKOBP: 58 | JSW: 26 | KGHM: 3 | 
------------------------------------------------------
2013-04-26 Cash balance : PLN: 62.29 | 
2013-04-26 Shares balance : PGNIG: 351 | TPSA: 366 | PKOBP: 58 | JSW: 26 | KGHM: 3 | 
2013-04-26 Recommendation to buy 1: TPSA 1 6.72
2013-04-26 Recommendation to buy 2: PKOBP 0 32.86
2013-04-26 Recommendation to buy 3: KGHM 0 148.00
2013-04-26 Recommendation to buy 4: JSW 0 85.05
2013-04-26 Offer to buy 1: TPSA 0 6.68
2013-04-26 Offer to buy 2: PKOBP 0 32.90
2013-04-26 Offer to buy 3: KGHM 0 147.71
2013-04-26 Offer to buy 4: JSW 0 83.72
2013-04-26 Cost of Share : 0.00 | Commission : 0.00 | To pay : 0.00
2013-04-26 Cash balance : PLN: 62.29 | 
2013-04-26 Shares balance : PGNIG: 351 | TPSA: 366 | PKOBP: 58 | JSW: 26 | KGHM: 3 | 
------------------------------------------------------
2013-04-29 Cash balance : PLN: 62.29 | 
2013-04-29 Shares balance : PGNIG: 351 | TPSA: 366 | PKOBP: 58 | JSW: 26 | KGHM: 3 | 
2013-04-29 Recommendation to buy 1: PKOBP 0 33.23
2013-04-29 Recommendation to buy 2: JSW 0 82.30
2013-04-29 Recommendation to buy 3: KGHM 0 146.79
2013-04-29 Recommendation to buy 4: TPSA 1 6.84
2013-04-29 Offer to buy 1: PKOBP 0 33.03
2013-04-29 Offer to buy 2: JSW 0 82.16
2013-04-29 Offer to buy 3: KGHM 0 145.85
2013-04-29 Offer to buy 4: TPSA 0 6.74
2013-04-29 Cost of Share : 0.00 | Commission : 0.00 | To pay : 0.00
2013-04-29 Cash balance : PLN: 62.29 | 
2013-04-29 Shares balance : PGNIG: 351 | TPSA: 366 | PKOBP: 58 | JSW: 26 | KGHM: 3 | 
------------------------------------------------------
